<?xml version="1.0" encoding="UTF-8"?>
<testsuite xmlns:xsi="http://www.w3.org/2001/XMLSchema-instance" xsi:noNamespaceSchemaLocation="https://maven.apache.org/surefire/maven-surefire-plugin/xsd/surefire-test-report.xsd" name="org.game.GameResourceTest" time="4.853" tests="1" errors="0" skipped="0" failures="0">
  <properties>
    <property name="sun.desktop" value="windows"/>
    <property name="awt.toolkit" value="sun.awt.windows.WToolkit"/>
    <property name="file.encoding.pkg" value="sun.io"/>
    <property name="java.specification.version" value="1.8"/>
    <property name="sun.cpu.isalist" value="amd64"/>
    <property name="sun.jnu.encoding" value="Cp1252"/>
    <property name="java.class.path" value="C:\sreestuff\playsafegame\playsafe-game\target\test-classes;C:\sreestuff\playsafegame\playsafe-game\target\classes;C:\Users\bbdnet1816\.m2\repository\io\quarkus\quarkus-resteasy\1.4.2.Final\quarkus-resteasy-1.4.2.Final.jar;C:\Users\bbdnet1816\.m2\repository\io\quarkus\quarkus-vertx-http\1.4.2.Final\quarkus-vertx-http-1.4.2.Final.jar;C:\Users\bbdnet1816\.m2\repository\io\quarkus\quarkus-development-mode-spi\1.4.2.Final\quarkus-development-mode-spi-1.4.2.Final.jar;C:\Users\bbdnet1816\.m2\repository\io\quarkus\security\quarkus-security\1.1.0.Final\quarkus-security-1.1.0.Final.jar;C:\Users\bbdnet1816\.m2\repository\io\smallrye\reactive\mutiny\0.4.4\mutiny-0.4.4.jar;C:\Users\bbdnet1816\.m2\repository\org\reactivestreams\reactive-streams\1.0.3\reactive-streams-1.0.3.jar;C:\Users\bbdnet1816\.m2\repository\jakarta\enterprise\jakarta.enterprise.cdi-api\2.0.2\jakarta.enterprise.cdi-api-2.0.2.jar;C:\Users\bbdnet1816\.m2\repository\jakarta\el\jakarta.el-api\3.0.3\jakarta.el-api-3.0.3.jar;C:\Users\bbdnet1816\.m2\repository\jakarta\interceptor\jakarta.interceptor-api\1.2.5\jakarta.interceptor-api-1.2.5.jar;C:\Users\bbdnet1816\.m2\repository\io\quarkus\quarkus-vertx-core\1.4.2.Final\quarkus-vertx-core-1.4.2.Final.jar;C:\Users\bbdnet1816\.m2\repository\io\quarkus\quarkus-netty\1.4.2.Final\quarkus-netty-1.4.2.Final.jar;C:\Users\bbdnet1816\.m2\repository\io\netty\netty-codec\4.1.45.Final\netty-codec-4.1.45.Final.jar;C:\Users\bbdnet1816\.m2\repository\io\netty\netty-handler\4.1.45.Final\netty-handler-4.1.45.Final.jar;C:\Users\bbdnet1816\.m2\repository\io\vertx\vertx-core\3.8.5\vertx-core-3.8.5.jar;C:\Users\bbdnet1816\.m2\repository\io\netty\netty-common\4.1.45.Final\netty-common-4.1.45.Final.jar;C:\Users\bbdnet1816\.m2\repository\io\netty\netty-buffer\4.1.45.Final\netty-buffer-4.1.45.Final.jar;C:\Users\bbdnet1816\.m2\repository\io\netty\netty-transport\4.1.45.Final\netty-transport-4.1.45.Final.jar;C:\Users\bbdnet1816\.m2\repository\io\netty\netty-handler-proxy\4.1.45.Final\netty-handler-proxy-4.1.45.Final.jar;C:\Users\bbdnet1816\.m2\repository\io\netty\netty-codec-socks\4.1.45.Final\netty-codec-socks-4.1.45.Final.jar;C:\Users\bbdnet1816\.m2\repository\io\netty\netty-codec-http\4.1.45.Final\netty-codec-http-4.1.45.Final.jar;C:\Users\bbdnet1816\.m2\repository\io\netty\netty-codec-http2\4.1.45.Final\netty-codec-http2-4.1.45.Final.jar;C:\Users\bbdnet1816\.m2\repository\io\netty\netty-resolver\4.1.45.Final\netty-resolver-4.1.45.Final.jar;C:\Users\bbdnet1816\.m2\repository\io\netty\netty-resolver-dns\4.1.45.Final\netty-resolver-dns-4.1.45.Final.jar;C:\Users\bbdnet1816\.m2\repository\io\netty\netty-codec-dns\4.1.45.Final\netty-codec-dns-4.1.45.Final.jar;C:\Users\bbdnet1816\.m2\repository\com\fasterxml\jackson\core\jackson-core\2.10.3\jackson-core-2.10.3.jar;C:\Users\bbdnet1816\.m2\repository\io\vertx\vertx-web\3.8.5\vertx-web-3.8.5.jar;C:\Users\bbdnet1816\.m2\repository\io\vertx\vertx-web-common\3.8.5\vertx-web-common-3.8.5.jar;C:\Users\bbdnet1816\.m2\repository\io\vertx\vertx-auth-common\3.8.5\vertx-auth-common-3.8.5.jar;C:\Users\bbdnet1816\.m2\repository\io\vertx\vertx-bridge-common\3.8.5\vertx-bridge-common-3.8.5.jar;C:\Users\bbdnet1816\.m2\repository\io\quarkus\quarkus-resteasy-server-common\1.4.2.Final\quarkus-resteasy-server-common-1.4.2.Final.jar;C:\Users\bbdnet1816\.m2\repository\io\quarkus\quarkus-arc\1.4.2.Final\quarkus-arc-1.4.2.Final.jar;C:\Users\bbdnet1816\.m2\repository\io\quarkus\arc\arc\1.4.2.Final\arc-1.4.2.Final.jar;C:\Users\bbdnet1816\.m2\repository\jakarta\transaction\jakarta.transaction-api\1.3.3\jakarta.transaction-api-1.3.3.jar;C:\Users\bbdnet1816\.m2\repository\org\eclipse\microprofile\context-propagation\microprofile-context-propagation-api\1.0.1\microprofile-context-propagation-api-1.0.1.jar;C:\Users\bbdnet1816\.m2\repository\io\quarkus\quarkus-resteasy-common\1.4.2.Final\quarkus-resteasy-common-1.4.2.Final.jar;C:\Users\bbdnet1816\.m2\repository\org\jboss\resteasy\resteasy-core\4.5.3.Final\resteasy-core-4.5.3.Final.jar;C:\Users\bbdnet1816\.m2\repository\org\jboss\spec\javax\ws\rs\jboss-jaxrs-api_2.1_spec\2.0.1.Final\jboss-jaxrs-api_2.1_spec-2.0.1.Final.jar;C:\Users\bbdnet1816\.m2\repository\org\jboss\spec\javax\xml\bind\jboss-jaxb-api_2.3_spec\2.0.0.Final\jboss-jaxb-api_2.3_spec-2.0.0.Final.jar;C:\Users\bbdnet1816\.m2\repository\org\jboss\resteasy\resteasy-core-spi\4.5.3.Final\resteasy-core-spi-4.5.3.Final.jar;C:\Users\bbdnet1816\.m2\repository\org\eclipse\microprofile\config\microprofile-config-api\1.4\microprofile-config-api-1.4.jar;C:\Users\bbdnet1816\.m2\repository\com\sun\activation\jakarta.activation\1.2.1\jakarta.activation-1.2.1.jar;C:\Users\bbdnet1816\.m2\repository\jakarta\validation\jakarta.validation-api\2.0.2\jakarta.validation-api-2.0.2.jar;C:\Users\bbdnet1816\.m2\repository\io\quarkus\quarkus-junit5\1.4.2.Final\quarkus-junit5-1.4.2.Final.jar;C:\Users\bbdnet1816\.m2\repository\io\quarkus\quarkus-bootstrap-core\1.4.2.Final\quarkus-bootstrap-core-1.4.2.Final.jar;C:\Users\bbdnet1816\.m2\repository\org\ow2\asm\asm\7.3.1\asm-7.3.1.jar;C:\Users\bbdnet1816\.m2\repository\org\apache\maven\maven-embedder\3.6.3\maven-embedder-3.6.3.jar;C:\Users\bbdnet1816\.m2\repository\org\apache\maven\maven-settings\3.6.3\maven-settings-3.6.3.jar;C:\Users\bbdnet1816\.m2\repository\org\apache\maven\maven-core\3.6.3\maven-core-3.6.3.jar;C:\Users\bbdnet1816\.m2\repository\org\apache\maven\maven-artifact\3.6.2\maven-artifact-3.6.2.jar;C:\Users\bbdnet1816\.m2\repository\org\codehaus\plexus\plexus-component-annotations\2.1.0\plexus-component-annotations-2.1.0.jar;C:\Users\bbdnet1816\.m2\repository\org\apache\maven\maven-plugin-api\3.6.3\maven-plugin-api-3.6.3.jar;C:\Users\bbdnet1816\.m2\repository\org\apache\maven\maven-model\3.6.3\maven-model-3.6.3.jar;C:\Users\bbdnet1816\.m2\repository\org\apache\maven\maven-model-builder\3.6.3\maven-model-builder-3.6.3.jar;C:\Users\bbdnet1816\.m2\repository\org\apache\maven\maven-builder-support\3.6.3\maven-builder-support-3.6.3.jar;C:\Users\bbdnet1816\.m2\repository\org\apache\maven\resolver\maven-resolver-api\1.4.1\maven-resolver-api-1.4.1.jar;C:\Users\bbdnet1816\.m2\repository\org\apache\maven\resolver\maven-resolver-util\1.4.1\maven-resolver-util-1.4.1.jar;C:\Users\bbdnet1816\.m2\repository\org\apache\maven\shared\maven-shared-utils\3.2.1\maven-shared-utils-3.2.1.jar;C:\Users\bbdnet1816\.m2\repository\commons-io\commons-io\2.6\commons-io-2.6.jar;C:\Users\bbdnet1816\.m2\repository\com\google\inject\guice\4.2.1\guice-4.2.1-no_aop.jar;C:\Users\bbdnet1816\.m2\repository\com\google\guava\guava\27.0.1-jre\guava-27.0.1-jre.jar;C:\Users\bbdnet1816\.m2\repository\com\google\guava\failureaccess\1.0.1\failureaccess-1.0.1.jar;C:\Users\bbdnet1816\.m2\repository\com\google\guava\listenablefuture\9999.0-empty-to-avoid-conflict-with-guava\listenablefuture-9999.0-empty-to-avoid-conflict-with-guava.jar;C:\Users\bbdnet1816\.m2\repository\org\codehaus\plexus\plexus-utils\3.2.1\plexus-utils-3.2.1.jar;C:\Users\bbdnet1816\.m2\repository\org\eclipse\sisu\org.eclipse.sisu.plexus\0.3.4\org.eclipse.sisu.plexus-0.3.4.jar;C:\Users\bbdnet1816\.m2\repository\commons-cli\commons-cli\1.4\commons-cli-1.4.jar;C:\Users\bbdnet1816\.m2\repository\org\apache\maven\maven-settings-builder\3.6.3\maven-settings-builder-3.6.3.jar;C:\Users\bbdnet1816\.m2\repository\org\codehaus\plexus\plexus-interpolation\1.25\plexus-interpolation-1.25.jar;C:\Users\bbdnet1816\.m2\repository\org\sonatype\plexus\plexus-sec-dispatcher\1.4\plexus-sec-dispatcher-1.4.jar;C:\Users\bbdnet1816\.m2\repository\org\sonatype\plexus\plexus-cipher\1.4\plexus-cipher-1.4.jar;C:\Users\bbdnet1816\.m2\repository\org\apache\maven\maven-resolver-provider\3.6.3\maven-resolver-provider-3.6.3.jar;C:\Users\bbdnet1816\.m2\repository\org\apache\maven\maven-repository-metadata\3.6.3\maven-repository-metadata-3.6.3.jar;C:\Users\bbdnet1816\.m2\repository\org\apache\maven\resolver\maven-resolver-spi\1.4.1\maven-resolver-spi-1.4.1.jar;C:\Users\bbdnet1816\.m2\repository\org\apache\maven\resolver\maven-resolver-impl\1.4.1\maven-resolver-impl-1.4.1.jar;C:\Users\bbdnet1816\.m2\repository\org\apache\maven\resolver\maven-resolver-connector-basic\1.4.1\maven-resolver-connector-basic-1.4.1.jar;C:\Users\bbdnet1816\.m2\repository\org\apache\maven\resolver\maven-resolver-transport-wagon\1.4.1\maven-resolver-transport-wagon-1.4.1.jar;C:\Users\bbdnet1816\.m2\repository\org\apache\maven\wagon\wagon-http\3.3.4\wagon-http-3.3.4.jar;C:\Users\bbdnet1816\.m2\repository\org\apache\maven\wagon\wagon-http-shared\3.3.4\wagon-http-shared-3.3.4.jar;C:\Users\bbdnet1816\.m2\repository\org\jsoup\jsoup\1.12.1\jsoup-1.12.1.jar;C:\Users\bbdnet1816\.m2\repository\org\apache\maven\wagon\wagon-provider-api\3.3.4\wagon-provider-api-3.3.4.jar;C:\Users\bbdnet1816\.m2\repository\org\apache\maven\wagon\wagon-file\3.3.4\wagon-file-3.3.4.jar;C:\Users\bbdnet1816\.m2\repository\org\jboss\logging\jboss-logging\3.3.2.Final\jboss-logging-3.3.2.Final.jar;C:\Users\bbdnet1816\.m2\repository\org\jboss\logging\commons-logging-jboss-logging\1.0.0.Final\commons-logging-jboss-logging-1.0.0.Final.jar;C:\Users\bbdnet1816\.m2\repository\io\quarkus\quarkus-test-common\1.4.2.Final\quarkus-test-common-1.4.2.Final.jar;C:\Users\bbdnet1816\.m2\repository\io\quarkus\quarkus-core-deployment\1.4.2.Final\quarkus-core-deployment-1.4.2.Final.jar;C:\Users\bbdnet1816\.m2\repository\io\quarkus\gizmo\gizmo\1.0.2.Final\gizmo-1.0.2.Final.jar;C:\Users\bbdnet1816\.m2\repository\org\ow2\asm\asm-util\7.3.1\asm-util-7.3.1.jar;C:\Users\bbdnet1816\.m2\repository\org\ow2\asm\asm-tree\7.3.1\asm-tree-7.3.1.jar;C:\Users\bbdnet1816\.m2\repository\org\ow2\asm\asm-analysis\7.3.1\asm-analysis-7.3.1.jar;C:\Users\bbdnet1816\.m2\repository\io\quarkus\quarkus-builder\1.4.2.Final\quarkus-builder-1.4.2.Final.jar;C:\Users\bbdnet1816\.m2\repository\io\quarkus\quarkus-jsonp-deployment\1.4.2.Final\quarkus-jsonp-deployment-1.4.2.Final.jar;C:\Users\bbdnet1816\.m2\repository\io\quarkus\quarkus-jsonp\1.4.2.Final\quarkus-jsonp-1.4.2.Final.jar;C:\Users\bbdnet1816\.m2\repository\org\glassfish\jakarta.json\1.1.6\jakarta.json-1.1.6.jar;C:\Users\bbdnet1816\.m2\repository\org\jboss\jandex\2.1.3.Final\jandex-2.1.3.Final.jar;C:\Users\bbdnet1816\.m2\repository\org\junit\jupiter\junit-jupiter\5.6.2\junit-jupiter-5.6.2.jar;C:\Users\bbdnet1816\.m2\repository\org\junit\jupiter\junit-jupiter-api\5.6.2\junit-jupiter-api-5.6.2.jar;C:\Users\bbdnet1816\.m2\repository\org\apiguardian\apiguardian-api\1.1.0\apiguardian-api-1.1.0.jar;C:\Users\bbdnet1816\.m2\repository\org\opentest4j\opentest4j\1.2.0\opentest4j-1.2.0.jar;C:\Users\bbdnet1816\.m2\repository\org\junit\platform\junit-platform-commons\1.6.2\junit-platform-commons-1.6.2.jar;C:\Users\bbdnet1816\.m2\repository\org\junit\jupiter\junit-jupiter-params\5.6.2\junit-jupiter-params-5.6.2.jar;C:\Users\bbdnet1816\.m2\repository\org\junit\jupiter\junit-jupiter-engine\5.6.2\junit-jupiter-engine-5.6.2.jar;C:\Users\bbdnet1816\.m2\repository\org\junit\platform\junit-platform-engine\1.6.2\junit-platform-engine-1.6.2.jar;C:\Users\bbdnet1816\.m2\repository\io\quarkus\quarkus-core\1.4.2.Final\quarkus-core-1.4.2.Final.jar;C:\Users\bbdnet1816\.m2\repository\jakarta\annotation\jakarta.annotation-api\1.3.5\jakarta.annotation-api-1.3.5.jar;C:\Users\bbdnet1816\.m2\repository\jakarta\inject\jakarta.inject-api\1.0\jakarta.inject-api-1.0.jar;C:\Users\bbdnet1816\.m2\repository\io\quarkus\quarkus-ide-launcher\1.4.2.Final\quarkus-ide-launcher-1.4.2.Final.jar;C:\Users\bbdnet1816\.m2\repository\io\smallrye\config\smallrye-config\1.7.0\smallrye-config-1.7.0.jar;C:\Users\bbdnet1816\.m2\repository\io\smallrye\config\smallrye-config-common\1.7.0\smallrye-config-common-1.7.0.jar;C:\Users\bbdnet1816\.m2\repository\org\jboss\logmanager\jboss-logmanager-embedded\1.0.4\jboss-logmanager-embedded-1.0.4.jar;C:\Users\bbdnet1816\.m2\repository\org\jboss\logging\jboss-logging-annotations\2.1.0.Final\jboss-logging-annotations-2.1.0.Final.jar;C:\Users\bbdnet1816\.m2\repository\org\jboss\threads\jboss-threads\3.1.1.Final\jboss-threads-3.1.1.Final.jar;C:\Users\bbdnet1816\.m2\repository\org\slf4j\slf4j-api\1.7.30\slf4j-api-1.7.30.jar;C:\Users\bbdnet1816\.m2\repository\org\jboss\slf4j\slf4j-jboss-logging\1.2.0.Final\slf4j-jboss-logging-1.2.0.Final.jar;C:\Users\bbdnet1816\.m2\repository\org\graalvm\sdk\graal-sdk\19.3.1\graal-sdk-19.3.1.jar;C:\Users\bbdnet1816\.m2\repository\org\wildfly\common\wildfly-common\1.5.4.Final-format-001\wildfly-common-1.5.4.Final-format-001.jar;C:\Users\bbdnet1816\.m2\repository\io\rest-assured\rest-assured\4.3.0\rest-assured-4.3.0.jar;C:\Users\bbdnet1816\.m2\repository\org\codehaus\groovy\groovy\3.0.2\groovy-3.0.2.jar;C:\Users\bbdnet1816\.m2\repository\org\codehaus\groovy\groovy-xml\3.0.2\groovy-xml-3.0.2.jar;C:\Users\bbdnet1816\.m2\repository\org\apache\httpcomponents\httpclient\4.5.12\httpclient-4.5.12.jar;C:\Users\bbdnet1816\.m2\repository\org\apache\httpcomponents\httpcore\4.4.13\httpcore-4.4.13.jar;C:\Users\bbdnet1816\.m2\repository\commons-codec\commons-codec\1.13\commons-codec-1.13.jar;C:\Users\bbdnet1816\.m2\repository\org\apache\httpcomponents\httpmime\4.5.3\httpmime-4.5.3.jar;C:\Users\bbdnet1816\.m2\repository\org\hamcrest\hamcrest\2.1\hamcrest-2.1.jar;C:\Users\bbdnet1816\.m2\repository\org\ccil\cowan\tagsoup\tagsoup\1.2.1\tagsoup-1.2.1.jar;C:\Users\bbdnet1816\.m2\repository\io\rest-assured\json-path\4.3.0\json-path-4.3.0.jar;C:\Users\bbdnet1816\.m2\repository\org\codehaus\groovy\groovy-json\3.0.2\groovy-json-3.0.2.jar;C:\Users\bbdnet1816\.m2\repository\io\rest-assured\rest-assured-common\4.3.0\rest-assured-common-4.3.0.jar;C:\Users\bbdnet1816\.m2\repository\io\rest-assured\xml-path\4.3.0\xml-path-4.3.0.jar;C:\Users\bbdnet1816\.m2\repository\org\apache\commons\commons-lang3\3.9\commons-lang3-3.9.jar;C:\Users\bbdnet1816\.m2\repository\jakarta\xml\bind\jakarta.xml.bind-api\2.3.2\jakarta.xml.bind-api-2.3.2.jar;C:\Users\bbdnet1816\.m2\repository\jakarta\activation\jakarta.activation-api\1.2.1\jakarta.activation-api-1.2.1.jar;C:\Users\bbdnet1816\.m2\repository\org\apache\sling\org.apache.sling.javax.activation\0.1.0\org.apache.sling.javax.activation-0.1.0.jar;"/>
    <property name="java.vm.vendor" value="Oracle Corporation"/>
    <property name="sun.arch.data.model" value="64"/>
    <property name="user.variant" value=""/>
    <property name="java.vendor.url" value="http://java.oracle.com/"/>
    <property name="user.timezone" value="Africa/Harare"/>
    <property name="java.vm.specification.version" value="1.8"/>
    <property name="os.name" value="Windows 10"/>
    <property name="user.country" value="ZA"/>
    <property name="sun.java.launcher" value="SUN_STANDARD"/>
    <property name="sun.boot.library.path" value="C:\Program Files\Java\jdk1.8.0_171\jre\bin"/>
    <property name="sun.java.command" value="C:\Users\BBDNET~2\AppData\Local\Temp\surefire1065604899301115901\surefirebooter8286274797107678986.jar C:\Users\bbdnet1816\AppData\Local\Temp\surefire1065604899301115901 2020-05-24T18-17-45_748-jvmRun1 surefire5073451049822875986tmp surefire_01983165422332541470tmp"/>
    <property name="surefire.test.class.path" value="C:\sreestuff\playsafegame\playsafe-game\target\test-classes;C:\sreestuff\playsafegame\playsafe-game\target\classes;C:\Users\bbdnet1816\.m2\repository\io\quarkus\quarkus-resteasy\1.4.2.Final\quarkus-resteasy-1.4.2.Final.jar;C:\Users\bbdnet1816\.m2\repository\io\quarkus\quarkus-vertx-http\1.4.2.Final\quarkus-vertx-http-1.4.2.Final.jar;C:\Users\bbdnet1816\.m2\repository\io\quarkus\quarkus-development-mode-spi\1.4.2.Final\quarkus-development-mode-spi-1.4.2.Final.jar;C:\Users\bbdnet1816\.m2\repository\io\quarkus\security\quarkus-security\1.1.0.Final\quarkus-security-1.1.0.Final.jar;C:\Users\bbdnet1816\.m2\repository\io\smallrye\reactive\mutiny\0.4.4\mutiny-0.4.4.jar;C:\Users\bbdnet1816\.m2\repository\org\reactivestreams\reactive-streams\1.0.3\reactive-streams-1.0.3.jar;C:\Users\bbdnet1816\.m2\repository\jakarta\enterprise\jakarta.enterprise.cdi-api\2.0.2\jakarta.enterprise.cdi-api-2.0.2.jar;C:\Users\bbdnet1816\.m2\repository\jakarta\el\jakarta.el-api\3.0.3\jakarta.el-api-3.0.3.jar;C:\Users\bbdnet1816\.m2\repository\jakarta\interceptor\jakarta.interceptor-api\1.2.5\jakarta.interceptor-api-1.2.5.jar;C:\Users\bbdnet1816\.m2\repository\io\quarkus\quarkus-vertx-core\1.4.2.Final\quarkus-vertx-core-1.4.2.Final.jar;C:\Users\bbdnet1816\.m2\repository\io\quarkus\quarkus-netty\1.4.2.Final\quarkus-netty-1.4.2.Final.jar;C:\Users\bbdnet1816\.m2\repository\io\netty\netty-codec\4.1.45.Final\netty-codec-4.1.45.Final.jar;C:\Users\bbdnet1816\.m2\repository\io\netty\netty-handler\4.1.45.Final\netty-handler-4.1.45.Final.jar;C:\Users\bbdnet1816\.m2\repository\io\vertx\vertx-core\3.8.5\vertx-core-3.8.5.jar;C:\Users\bbdnet1816\.m2\repository\io\netty\netty-common\4.1.45.Final\netty-common-4.1.45.Final.jar;C:\Users\bbdnet1816\.m2\repository\io\netty\netty-buffer\4.1.45.Final\netty-buffer-4.1.45.Final.jar;C:\Users\bbdnet1816\.m2\repository\io\netty\netty-transport\4.1.45.Final\netty-transport-4.1.45.Final.jar;C:\Users\bbdnet1816\.m2\repository\io\netty\netty-handler-proxy\4.1.45.Final\netty-handler-proxy-4.1.45.Final.jar;C:\Users\bbdnet1816\.m2\repository\io\netty\netty-codec-socks\4.1.45.Final\netty-codec-socks-4.1.45.Final.jar;C:\Users\bbdnet1816\.m2\repository\io\netty\netty-codec-http\4.1.45.Final\netty-codec-http-4.1.45.Final.jar;C:\Users\bbdnet1816\.m2\repository\io\netty\netty-codec-http2\4.1.45.Final\netty-codec-http2-4.1.45.Final.jar;C:\Users\bbdnet1816\.m2\repository\io\netty\netty-resolver\4.1.45.Final\netty-resolver-4.1.45.Final.jar;C:\Users\bbdnet1816\.m2\repository\io\netty\netty-resolver-dns\4.1.45.Final\netty-resolver-dns-4.1.45.Final.jar;C:\Users\bbdnet1816\.m2\repository\io\netty\netty-codec-dns\4.1.45.Final\netty-codec-dns-4.1.45.Final.jar;C:\Users\bbdnet1816\.m2\repository\com\fasterxml\jackson\core\jackson-core\2.10.3\jackson-core-2.10.3.jar;C:\Users\bbdnet1816\.m2\repository\io\vertx\vertx-web\3.8.5\vertx-web-3.8.5.jar;C:\Users\bbdnet1816\.m2\repository\io\vertx\vertx-web-common\3.8.5\vertx-web-common-3.8.5.jar;C:\Users\bbdnet1816\.m2\repository\io\vertx\vertx-auth-common\3.8.5\vertx-auth-common-3.8.5.jar;C:\Users\bbdnet1816\.m2\repository\io\vertx\vertx-bridge-common\3.8.5\vertx-bridge-common-3.8.5.jar;C:\Users\bbdnet1816\.m2\repository\io\quarkus\quarkus-resteasy-server-common\1.4.2.Final\quarkus-resteasy-server-common-1.4.2.Final.jar;C:\Users\bbdnet1816\.m2\repository\io\quarkus\quarkus-arc\1.4.2.Final\quarkus-arc-1.4.2.Final.jar;C:\Users\bbdnet1816\.m2\repository\io\quarkus\arc\arc\1.4.2.Final\arc-1.4.2.Final.jar;C:\Users\bbdnet1816\.m2\repository\jakarta\transaction\jakarta.transaction-api\1.3.3\jakarta.transaction-api-1.3.3.jar;C:\Users\bbdnet1816\.m2\repository\org\eclipse\microprofile\context-propagation\microprofile-context-propagation-api\1.0.1\microprofile-context-propagation-api-1.0.1.jar;C:\Users\bbdnet1816\.m2\repository\io\quarkus\quarkus-resteasy-common\1.4.2.Final\quarkus-resteasy-common-1.4.2.Final.jar;C:\Users\bbdnet1816\.m2\repository\org\jboss\resteasy\resteasy-core\4.5.3.Final\resteasy-core-4.5.3.Final.jar;C:\Users\bbdnet1816\.m2\repository\org\jboss\spec\javax\ws\rs\jboss-jaxrs-api_2.1_spec\2.0.1.Final\jboss-jaxrs-api_2.1_spec-2.0.1.Final.jar;C:\Users\bbdnet1816\.m2\repository\org\jboss\spec\javax\xml\bind\jboss-jaxb-api_2.3_spec\2.0.0.Final\jboss-jaxb-api_2.3_spec-2.0.0.Final.jar;C:\Users\bbdnet1816\.m2\repository\org\jboss\resteasy\resteasy-core-spi\4.5.3.Final\resteasy-core-spi-4.5.3.Final.jar;C:\Users\bbdnet1816\.m2\repository\org\eclipse\microprofile\config\microprofile-config-api\1.4\microprofile-config-api-1.4.jar;C:\Users\bbdnet1816\.m2\repository\com\sun\activation\jakarta.activation\1.2.1\jakarta.activation-1.2.1.jar;C:\Users\bbdnet1816\.m2\repository\jakarta\validation\jakarta.validation-api\2.0.2\jakarta.validation-api-2.0.2.jar;C:\Users\bbdnet1816\.m2\repository\io\quarkus\quarkus-junit5\1.4.2.Final\quarkus-junit5-1.4.2.Final.jar;C:\Users\bbdnet1816\.m2\repository\io\quarkus\quarkus-bootstrap-core\1.4.2.Final\quarkus-bootstrap-core-1.4.2.Final.jar;C:\Users\bbdnet1816\.m2\repository\org\ow2\asm\asm\7.3.1\asm-7.3.1.jar;C:\Users\bbdnet1816\.m2\repository\org\apache\maven\maven-embedder\3.6.3\maven-embedder-3.6.3.jar;C:\Users\bbdnet1816\.m2\repository\org\apache\maven\maven-settings\3.6.3\maven-settings-3.6.3.jar;C:\Users\bbdnet1816\.m2\repository\org\apache\maven\maven-core\3.6.3\maven-core-3.6.3.jar;C:\Users\bbdnet1816\.m2\repository\org\apache\maven\maven-artifact\3.6.2\maven-artifact-3.6.2.jar;C:\Users\bbdnet1816\.m2\repository\org\codehaus\plexus\plexus-component-annotations\2.1.0\plexus-component-annotations-2.1.0.jar;C:\Users\bbdnet1816\.m2\repository\org\apache\maven\maven-plugin-api\3.6.3\maven-plugin-api-3.6.3.jar;C:\Users\bbdnet1816\.m2\repository\org\apache\maven\maven-model\3.6.3\maven-model-3.6.3.jar;C:\Users\bbdnet1816\.m2\repository\org\apache\maven\maven-model-builder\3.6.3\maven-model-builder-3.6.3.jar;C:\Users\bbdnet1816\.m2\repository\org\apache\maven\maven-builder-support\3.6.3\maven-builder-support-3.6.3.jar;C:\Users\bbdnet1816\.m2\repository\org\apache\maven\resolver\maven-resolver-api\1.4.1\maven-resolver-api-1.4.1.jar;C:\Users\bbdnet1816\.m2\repository\org\apache\maven\resolver\maven-resolver-util\1.4.1\maven-resolver-util-1.4.1.jar;C:\Users\bbdnet1816\.m2\repository\org\apache\maven\shared\maven-shared-utils\3.2.1\maven-shared-utils-3.2.1.jar;C:\Users\bbdnet1816\.m2\repository\commons-io\commons-io\2.6\commons-io-2.6.jar;C:\Users\bbdnet1816\.m2\repository\com\google\inject\guice\4.2.1\guice-4.2.1-no_aop.jar;C:\Users\bbdnet1816\.m2\repository\com\google\guava\guava\27.0.1-jre\guava-27.0.1-jre.jar;C:\Users\bbdnet1816\.m2\repository\com\google\guava\failureaccess\1.0.1\failureaccess-1.0.1.jar;C:\Users\bbdnet1816\.m2\repository\com\google\guava\listenablefuture\9999.0-empty-to-avoid-conflict-with-guava\listenablefuture-9999.0-empty-to-avoid-conflict-with-guava.jar;C:\Users\bbdnet1816\.m2\repository\org\codehaus\plexus\plexus-utils\3.2.1\plexus-utils-3.2.1.jar;C:\Users\bbdnet1816\.m2\repository\org\eclipse\sisu\org.eclipse.sisu.plexus\0.3.4\org.eclipse.sisu.plexus-0.3.4.jar;C:\Users\bbdnet1816\.m2\repository\commons-cli\commons-cli\1.4\commons-cli-1.4.jar;C:\Users\bbdnet1816\.m2\repository\org\apache\maven\maven-settings-builder\3.6.3\maven-settings-builder-3.6.3.jar;C:\Users\bbdnet1816\.m2\repository\org\codehaus\plexus\plexus-interpolation\1.25\plexus-interpolation-1.25.jar;C:\Users\bbdnet1816\.m2\repository\org\sonatype\plexus\plexus-sec-dispatcher\1.4\plexus-sec-dispatcher-1.4.jar;C:\Users\bbdnet1816\.m2\repository\org\sonatype\plexus\plexus-cipher\1.4\plexus-cipher-1.4.jar;C:\Users\bbdnet1816\.m2\repository\org\apache\maven\maven-resolver-provider\3.6.3\maven-resolver-provider-3.6.3.jar;C:\Users\bbdnet1816\.m2\repository\org\apache\maven\maven-repository-metadata\3.6.3\maven-repository-metadata-3.6.3.jar;C:\Users\bbdnet1816\.m2\repository\org\apache\maven\resolver\maven-resolver-spi\1.4.1\maven-resolver-spi-1.4.1.jar;C:\Users\bbdnet1816\.m2\repository\org\apache\maven\resolver\maven-resolver-impl\1.4.1\maven-resolver-impl-1.4.1.jar;C:\Users\bbdnet1816\.m2\repository\org\apache\maven\resolver\maven-resolver-connector-basic\1.4.1\maven-resolver-connector-basic-1.4.1.jar;C:\Users\bbdnet1816\.m2\repository\org\apache\maven\resolver\maven-resolver-transport-wagon\1.4.1\maven-resolver-transport-wagon-1.4.1.jar;C:\Users\bbdnet1816\.m2\repository\org\apache\maven\wagon\wagon-http\3.3.4\wagon-http-3.3.4.jar;C:\Users\bbdnet1816\.m2\repository\org\apache\maven\wagon\wagon-http-shared\3.3.4\wagon-http-shared-3.3.4.jar;C:\Users\bbdnet1816\.m2\repository\org\jsoup\jsoup\1.12.1\jsoup-1.12.1.jar;C:\Users\bbdnet1816\.m2\repository\org\apache\maven\wagon\wagon-provider-api\3.3.4\wagon-provider-api-3.3.4.jar;C:\Users\bbdnet1816\.m2\repository\org\apache\maven\wagon\wagon-file\3.3.4\wagon-file-3.3.4.jar;C:\Users\bbdnet1816\.m2\repository\org\jboss\logging\jboss-logging\3.3.2.Final\jboss-logging-3.3.2.Final.jar;C:\Users\bbdnet1816\.m2\repository\org\jboss\logging\commons-logging-jboss-logging\1.0.0.Final\commons-logging-jboss-logging-1.0.0.Final.jar;C:\Users\bbdnet1816\.m2\repository\io\quarkus\quarkus-test-common\1.4.2.Final\quarkus-test-common-1.4.2.Final.jar;C:\Users\bbdnet1816\.m2\repository\io\quarkus\quarkus-core-deployment\1.4.2.Final\quarkus-core-deployment-1.4.2.Final.jar;C:\Users\bbdnet1816\.m2\repository\io\quarkus\gizmo\gizmo\1.0.2.Final\gizmo-1.0.2.Final.jar;C:\Users\bbdnet1816\.m2\repository\org\ow2\asm\asm-util\7.3.1\asm-util-7.3.1.jar;C:\Users\bbdnet1816\.m2\repository\org\ow2\asm\asm-tree\7.3.1\asm-tree-7.3.1.jar;C:\Users\bbdnet1816\.m2\repository\org\ow2\asm\asm-analysis\7.3.1\asm-analysis-7.3.1.jar;C:\Users\bbdnet1816\.m2\repository\io\quarkus\quarkus-builder\1.4.2.Final\quarkus-builder-1.4.2.Final.jar;C:\Users\bbdnet1816\.m2\repository\io\quarkus\quarkus-jsonp-deployment\1.4.2.Final\quarkus-jsonp-deployment-1.4.2.Final.jar;C:\Users\bbdnet1816\.m2\repository\io\quarkus\quarkus-jsonp\1.4.2.Final\quarkus-jsonp-1.4.2.Final.jar;C:\Users\bbdnet1816\.m2\repository\org\glassfish\jakarta.json\1.1.6\jakarta.json-1.1.6.jar;C:\Users\bbdnet1816\.m2\repository\org\jboss\jandex\2.1.3.Final\jandex-2.1.3.Final.jar;C:\Users\bbdnet1816\.m2\repository\org\junit\jupiter\junit-jupiter\5.6.2\junit-jupiter-5.6.2.jar;C:\Users\bbdnet1816\.m2\repository\org\junit\jupiter\junit-jupiter-api\5.6.2\junit-jupiter-api-5.6.2.jar;C:\Users\bbdnet1816\.m2\repository\org\apiguardian\apiguardian-api\1.1.0\apiguardian-api-1.1.0.jar;C:\Users\bbdnet1816\.m2\repository\org\opentest4j\opentest4j\1.2.0\opentest4j-1.2.0.jar;C:\Users\bbdnet1816\.m2\repository\org\junit\platform\junit-platform-commons\1.6.2\junit-platform-commons-1.6.2.jar;C:\Users\bbdnet1816\.m2\repository\org\junit\jupiter\junit-jupiter-params\5.6.2\junit-jupiter-params-5.6.2.jar;C:\Users\bbdnet1816\.m2\repository\org\junit\jupiter\junit-jupiter-engine\5.6.2\junit-jupiter-engine-5.6.2.jar;C:\Users\bbdnet1816\.m2\repository\org\junit\platform\junit-platform-engine\1.6.2\junit-platform-engine-1.6.2.jar;C:\Users\bbdnet1816\.m2\repository\io\quarkus\quarkus-core\1.4.2.Final\quarkus-core-1.4.2.Final.jar;C:\Users\bbdnet1816\.m2\repository\jakarta\annotation\jakarta.annotation-api\1.3.5\jakarta.annotation-api-1.3.5.jar;C:\Users\bbdnet1816\.m2\repository\jakarta\inject\jakarta.inject-api\1.0\jakarta.inject-api-1.0.jar;C:\Users\bbdnet1816\.m2\repository\io\quarkus\quarkus-ide-launcher\1.4.2.Final\quarkus-ide-launcher-1.4.2.Final.jar;C:\Users\bbdnet1816\.m2\repository\io\smallrye\config\smallrye-config\1.7.0\smallrye-config-1.7.0.jar;C:\Users\bbdnet1816\.m2\repository\io\smallrye\config\smallrye-config-common\1.7.0\smallrye-config-common-1.7.0.jar;C:\Users\bbdnet1816\.m2\repository\org\jboss\logmanager\jboss-logmanager-embedded\1.0.4\jboss-logmanager-embedded-1.0.4.jar;C:\Users\bbdnet1816\.m2\repository\org\jboss\logging\jboss-logging-annotations\2.1.0.Final\jboss-logging-annotations-2.1.0.Final.jar;C:\Users\bbdnet1816\.m2\repository\org\jboss\threads\jboss-threads\3.1.1.Final\jboss-threads-3.1.1.Final.jar;C:\Users\bbdnet1816\.m2\repository\org\slf4j\slf4j-api\1.7.30\slf4j-api-1.7.30.jar;C:\Users\bbdnet1816\.m2\repository\org\jboss\slf4j\slf4j-jboss-logging\1.2.0.Final\slf4j-jboss-logging-1.2.0.Final.jar;C:\Users\bbdnet1816\.m2\repository\org\graalvm\sdk\graal-sdk\19.3.1\graal-sdk-19.3.1.jar;C:\Users\bbdnet1816\.m2\repository\org\wildfly\common\wildfly-common\1.5.4.Final-format-001\wildfly-common-1.5.4.Final-format-001.jar;C:\Users\bbdnet1816\.m2\repository\io\rest-assured\rest-assured\4.3.0\rest-assured-4.3.0.jar;C:\Users\bbdnet1816\.m2\repository\org\codehaus\groovy\groovy\3.0.2\groovy-3.0.2.jar;C:\Users\bbdnet1816\.m2\repository\org\codehaus\groovy\groovy-xml\3.0.2\groovy-xml-3.0.2.jar;C:\Users\bbdnet1816\.m2\repository\org\apache\httpcomponents\httpclient\4.5.12\httpclient-4.5.12.jar;C:\Users\bbdnet1816\.m2\repository\org\apache\httpcomponents\httpcore\4.4.13\httpcore-4.4.13.jar;C:\Users\bbdnet1816\.m2\repository\commons-codec\commons-codec\1.13\commons-codec-1.13.jar;C:\Users\bbdnet1816\.m2\repository\org\apache\httpcomponents\httpmime\4.5.3\httpmime-4.5.3.jar;C:\Users\bbdnet1816\.m2\repository\org\hamcrest\hamcrest\2.1\hamcrest-2.1.jar;C:\Users\bbdnet1816\.m2\repository\org\ccil\cowan\tagsoup\tagsoup\1.2.1\tagsoup-1.2.1.jar;C:\Users\bbdnet1816\.m2\repository\io\rest-assured\json-path\4.3.0\json-path-4.3.0.jar;C:\Users\bbdnet1816\.m2\repository\org\codehaus\groovy\groovy-json\3.0.2\groovy-json-3.0.2.jar;C:\Users\bbdnet1816\.m2\repository\io\rest-assured\rest-assured-common\4.3.0\rest-assured-common-4.3.0.jar;C:\Users\bbdnet1816\.m2\repository\io\rest-assured\xml-path\4.3.0\xml-path-4.3.0.jar;C:\Users\bbdnet1816\.m2\repository\org\apache\commons\commons-lang3\3.9\commons-lang3-3.9.jar;C:\Users\bbdnet1816\.m2\repository\jakarta\xml\bind\jakarta.xml.bind-api\2.3.2\jakarta.xml.bind-api-2.3.2.jar;C:\Users\bbdnet1816\.m2\repository\jakarta\activation\jakarta.activation-api\1.2.1\jakarta.activation-api-1.2.1.jar;C:\Users\bbdnet1816\.m2\repository\org\apache\sling\org.apache.sling.javax.activation\0.1.0\org.apache.sling.javax.activation-0.1.0.jar;"/>
    <property name="sun.cpu.endian" value="little"/>
    <property name="user.home" value="C:\Users\bbdnet1816"/>
    <property name="user.language" value="en"/>
    <property name="java.specification.vendor" value="Oracle Corporation"/>
    <property name="java.home" value="C:\Program Files\Java\jdk1.8.0_171\jre"/>
    <property name="basedir" value="C:\sreestuff\playsafegame\playsafe-game"/>
    <property name="file.separator" value="\"/>
    <property name="line.separator" value="&#10;"/>
    <property name="java.vm.specification.vendor" value="Oracle Corporation"/>
    <property name="java.specification.name" value="Java Platform API Specification"/>
    <property name="java.awt.graphicsenv" value="sun.awt.Win32GraphicsEnvironment"/>
    <property name="surefire.real.class.path" value="C:\Users\BBDNET~2\AppData\Local\Temp\surefire1065604899301115901\surefirebooter8286274797107678986.jar"/>
    <property name="sun.boot.class.path" value="C:\Program Files\Java\jdk1.8.0_171\jre\lib\resources.jar;C:\Program Files\Java\jdk1.8.0_171\jre\lib\rt.jar;C:\Program Files\Java\jdk1.8.0_171\jre\lib\sunrsasign.jar;C:\Program Files\Java\jdk1.8.0_171\jre\lib\jsse.jar;C:\Program Files\Java\jdk1.8.0_171\jre\lib\jce.jar;C:\Program Files\Java\jdk1.8.0_171\jre\lib\charsets.jar;C:\Program Files\Java\jdk1.8.0_171\jre\lib\jfr.jar;C:\Program Files\Java\jdk1.8.0_171\jre\classes"/>
    <property name="user.script" value=""/>
    <property name="sun.management.compiler" value="HotSpot 64-Bit Tiered Compilers"/>
    <property name="java.runtime.version" value="1.8.0_171-b11"/>
    <property name="user.name" value="bbdnet1816"/>
    <property name="path.separator" value=";"/>
    <property name="os.version" value="10.0"/>
    <property name="java.endorsed.dirs" value="C:\Program Files\Java\jdk1.8.0_171\jre\lib\endorsed"/>
    <property name="java.runtime.name" value="Java(TM) SE Runtime Environment"/>
    <property name="file.encoding" value="Cp1252"/>
    <property name="java.vm.name" value="Java HotSpot(TM) 64-Bit Server VM"/>
    <property name="localRepository" value="C:\Users\bbdnet1816\.m2\repository"/>
    <property name="java.vendor.url.bug" value="http://bugreport.sun.com/bugreport/"/>
    <property name="java.io.tmpdir" value="C:\Users\BBDNET~2\AppData\Local\Temp\"/>
    <property name="java.version" value="1.8.0_171"/>
    <property name="user.dir" value="C:\sreestuff\playsafegame\playsafe-game"/>
    <property name="os.arch" value="amd64"/>
    <property name="java.vm.specification.name" value="Java Virtual Machine Specification"/>
    <property name="java.awt.printerjob" value="sun.awt.windows.WPrinterJob"/>
    <property name="sun.os.patch.level" value=""/>
    <property name="java.util.logging.manager" value="org.jboss.logmanager.LogManager"/>
    <property name="java.library.path" value="C:\Program Files\Java\jdk1.8.0_171\jre\bin;C:\Windows\Sun\Java\bin;C:\Windows\system32;C:\Windows;C:\Program Files (x86)\Common Files\Oracle\Java\javapath;C:\Program Files (x86)\Intel\Intel(R) Management Engine Components\iCLS\;C:\Program Files\Intel\Intel(R) Management Engine Components\iCLS\;C:\Windows\system32;C:\Windows;C:\Windows\System32\Wbem;C:\Windows\System32\WindowsPowerShell\v1.0\;C:\Program Files (x86)\Intel\Intel(R) Management Engine Components\DAL;C:\Program Files\Intel\Intel(R) Management Engine Components\DAL;C:\Program Files (x86)\Intel\Intel(R) Management Engine Components\IPT;C:\Program Files\Intel\Intel(R) Management Engine Components\IPT;C:\Program Files (x86)\NVIDIA Corporation\PhysX\Common;C:\Program Files\Intel\WiFi\bin\;C:\Program Files\Common Files\Intel\WirelessCommon\;C:\Program Files\Java\jdk1.8.0_171\bin;C:\sreestuff\vasu-folder\apache-maven-3.6.3-bin\apache-maven-3.6.3\bin;C:\Users\bbdnet1816\AppData\Roaming\nvm;C:\Program Files\nodejs;C:\Program Files\Amazon\AWSCLI\;C:\Python27\Lib\site-packages;C:\Python27\Scripts;C:\Users\bbdnet1816\AppData\Local\Micros;D:\softwares\apache-tomcat-7.0.37\bin;C:\Program Files\nodejs\;C:\Program Files\Microsoft SQL Server\130\Tools\Binn\;C:\Program Files (x86)\Microsoft SQL Server\110\DTS\Binn\;C:\Program Files (x86)\Microsoft SQL Server\140\DTS\Binn\;C:\JMeter\bin;C:\Program Files\Java\jdk1.8.0_171\bin;C:\Users\bbdnet1816\Downloads\gradle-5.4\bin;C:\Program Files\Redis\;C:\Program Files (x86)\Microsoft SQL Server\150\DTS\Binn\;C:\Program Files\Git\cmd;C:\Program Files\dotnet\;C:\Program Files\Microsoft SQL Server\Client SDK\ODBC\170\Tools\Binn\;C:\Program Files (x86)\Microsoft SQL Server\120\DTS\Binn\;C:\Program Files (x86)\Microsoft SQL Server\130\DTS\Binn\;C:\Users\bbdnet1816\AppData\Local\Microsoft\WindowsApps;C:\Users\bbdnet1816\AppData\Roaming\nvm;C:\Program Files\nodejs;C:\Users\bbdnet1816\AppData\Local\GitHubDesktop\bin;C:\Users\bbdnet1816\AppData\Roaming\npm;C:\Program Files\Microsoft VS Code\bin;."/>
    <property name="java.vm.info" value="mixed mode"/>
    <property name="java.vendor" value="Oracle Corporation"/>
    <property name="java.vm.version" value="25.171-b11"/>
    <property name="java.ext.dirs" value="C:\Program Files\Java\jdk1.8.0_171\jre\lib\ext;C:\Windows\Sun\Java\lib\ext"/>
    <property name="sun.io.unicode.encoding" value="UnicodeLittle"/>
    <property name="java.class.version" value="52.0"/>
  </properties>
  <testcase name="testHelloEndpoint" classname="org.game.GameResourceTest" time="1.344"/>
</testsuite>